  main.cpp
C:\Users\TENK\Desktop\modifiedSnake\main.cpp(131,59): warning C4244: 'argument': conversion from 'T' to 'float', possible loss of data
          with
          [
              T=unsigned int
          ]
C:\Users\TENK\Desktop\modifiedSnake\main.cpp(137,97): warning C4244: 'argument': conversion from 'double' to 'float', possible loss of data
C:\Users\TENK\Desktop\modifiedSnake\main.cpp(137,59): warning C4244: 'argument': conversion from 'double' to 'float', possible loss of data
C:\Users\TENK\Desktop\modifiedSnake\main.cpp(142,97): warning C4244: 'argument': conversion from 'double' to 'float', possible loss of data
C:\Users\TENK\Desktop\modifiedSnake\main.cpp(142,59): warning C4244: 'argument': conversion from 'double' to 'float', possible loss of data
C:\Users\TENK\Desktop\modifiedSnake\main.cpp(147,97): warning C4244: 'argument': conversion from 'double' to 'float', possible loss of data
C:\Users\TENK\Desktop\modifiedSnake\main.cpp(147,59): warning C4244: 'argument': conversion from 'double' to 'float', possible loss of data
C:\Users\TENK\Desktop\modifiedSnake\main.cpp(157,97): warning C4244: 'argument': conversion from 'double' to 'float', possible loss of data
C:\Users\TENK\Desktop\modifiedSnake\main.cpp(157,59): warning C4244: 'argument': conversion from 'double' to 'float', possible loss of data
C:\Users\TENK\Desktop\modifiedSnake\main.cpp(174,53): warning C4244: 'argument': conversion from 'T' to 'float', possible loss of data
          with
          [
              T=unsigned int
          ]
C:\Users\TENK\Desktop\modifiedSnake\main.cpp(185,91): warning C4244: 'argument': conversion from 'double' to 'float', possible loss of data
C:\Users\TENK\Desktop\modifiedSnake\main.cpp(185,53): warning C4244: 'argument': conversion from 'double' to 'float', possible loss of data
C:\Users\TENK\Desktop\modifiedSnake\main.cpp(194,91): warning C4244: 'argument': conversion from 'double' to 'float', possible loss of data
C:\Users\TENK\Desktop\modifiedSnake\main.cpp(194,53): warning C4244: 'argument': conversion from 'double' to 'float', possible loss of data
C:\Users\TENK\Desktop\modifiedSnake\main.cpp(203,91): warning C4244: 'argument': conversion from 'double' to 'float', possible loss of data
C:\Users\TENK\Desktop\modifiedSnake\main.cpp(203,53): warning C4244: 'argument': conversion from 'double' to 'float', possible loss of data
C:\Users\TENK\Desktop\modifiedSnake\main.cpp(213,91): warning C4244: 'argument': conversion from 'double' to 'float', possible loss of data
C:\Users\TENK\Desktop\modifiedSnake\main.cpp(213,53): warning C4244: 'argument': conversion from 'double' to 'float', possible loss of data
C:\Users\TENK\Desktop\modifiedSnake\main.cpp(234,1): warning C4552: '+': result of expression not used
C:\Users\TENK\Desktop\modifiedSnake\main.cpp(251,53): warning C4244: 'argument': conversion from 'T' to 'float', possible loss of data
          with
          [
              T=unsigned int
          ]
C:\Users\TENK\Desktop\modifiedSnake\main.cpp(258,102): warning C4244: 'argument': conversion from 'T' to 'float', possible loss of data
          with
          [
              T=unsigned int
          ]
C:\Users\TENK\Desktop\modifiedSnake\main.cpp(258,54): warning C4244: 'argument': conversion from 'double' to 'float', possible loss of data
C:\Users\TENK\Desktop\modifiedSnake\main.cpp(296,53): warning C4244: 'argument': conversion from 'T' to 'float', possible loss of data
          with
          [
              T=unsigned int
          ]
C:\Users\TENK\Desktop\modifiedSnake\main.cpp(307,91): warning C4244: 'argument': conversion from 'double' to 'float', possible loss of data
C:\Users\TENK\Desktop\modifiedSnake\main.cpp(307,53): warning C4244: 'argument': conversion from 'double' to 'float', possible loss of data
C:\Users\TENK\Desktop\modifiedSnake\main.cpp(316,91): warning C4244: 'argument': conversion from 'double' to 'float', possible loss of data
C:\Users\TENK\Desktop\modifiedSnake\main.cpp(316,53): warning C4244: 'argument': conversion from 'double' to 'float', possible loss of data
C:\Users\TENK\Desktop\modifiedSnake\main.cpp(325,91): warning C4244: 'argument': conversion from 'double' to 'float', possible loss of data
C:\Users\TENK\Desktop\modifiedSnake\main.cpp(325,53): warning C4244: 'argument': conversion from 'double' to 'float', possible loss of data
  modifiedSnake.vcxproj -> C:\Users\TENK\Desktop\modifiedSnake\Debug\modifiedSnake.exe
