  main.cpp
C:\Users\TENK\Desktop\modifiedSnake\main.cpp(80,12): warning C4244: 'initializing': conversion from 'T' to 'float', possible loss of data
          with
          [
              T=unsigned int
          ]
C:\Users\TENK\Desktop\modifiedSnake\main.cpp(135,90): warning C4244: 'argument': conversion from 'T' to 'T', possible loss of data
          with
          [
              T=unsigned int
          ]
          and
          [
              T=float
          ]
C:\Users\TENK\Desktop\modifiedSnake\main.cpp(135,46): warning C4244: 'argument': conversion from 'int' to 'T', possible loss of data
          with
          [
              T=float
          ]
C:\Users\TENK\Desktop\modifiedSnake\main.cpp(138,56): warning C4244: 'argument': conversion from 'T' to 'float', possible loss of data
          with
          [
              T=unsigned int
          ]
C:\Users\TENK\Desktop\modifiedSnake\main.cpp(140,66): warning C4244: 'argument': conversion from 'int' to 'T', possible loss of data
          with
          [
              T=float
          ]
C:\Users\TENK\Desktop\modifiedSnake\main.cpp(140,62): warning C4244: 'argument': conversion from 'T' to 'T', possible loss of data
          with
          [
              T=unsigned int
          ]
          and
          [
              T=float
          ]
C:\Users\TENK\Desktop\modifiedSnake\main.cpp(143,59): warning C4244: 'argument': conversion from 'T' to 'float', possible loss of data
          with
          [
              T=unsigned int
          ]
C:\Users\TENK\Desktop\modifiedSnake\main.cpp(146,62): warning C4244: 'argument': conversion from 'T' to 'T', possible loss of data
          with
          [
              T=unsigned int
          ]
          and
          [
              T=float
          ]
C:\Users\TENK\Desktop\modifiedSnake\main.cpp(147,22): warning C4244: 'initializing': conversion from 'float' to 'int', possible loss of data
C:\Users\TENK\Desktop\modifiedSnake\main.cpp(147,1): warning C4244: '+=': conversion from 'float' to 'int', possible loss of data
C:\Users\TENK\Desktop\modifiedSnake\main.cpp(148,30): warning C4244: 'argument': conversion from 'int' to 'float', possible loss of data
C:\Users\TENK\Desktop\modifiedSnake\main.cpp(151,65): warning C4244: 'argument': conversion from 'T' to 'T', possible loss of data
          with
          [
              T=unsigned int
          ]
          and
          [
              T=float
          ]
C:\Users\TENK\Desktop\modifiedSnake\main.cpp(152,22): warning C4244: 'initializing': conversion from 'float' to 'int', possible loss of data
C:\Users\TENK\Desktop\modifiedSnake\main.cpp(152,1): warning C4244: '+=': conversion from 'float' to 'int', possible loss of data
C:\Users\TENK\Desktop\modifiedSnake\main.cpp(153,27): warning C4244: 'argument': conversion from 'int' to 'float', possible loss of data
C:\Users\TENK\Desktop\modifiedSnake\main.cpp(157,1): warning C4244: '+=': conversion from 'float' to 'int', possible loss of data
C:\Users\TENK\Desktop\modifiedSnake\main.cpp(158,1): warning C4244: '+=': conversion from 'float' to 'int', possible loss of data
C:\Users\TENK\Desktop\modifiedSnake\main.cpp(160,42): warning C4244: 'argument': conversion from 'int' to 'float', possible loss of data
C:\Users\TENK\Desktop\modifiedSnake\main.cpp(160,31): warning C4244: 'argument': conversion from 'int' to 'float', possible loss of data
C:\Users\TENK\Desktop\modifiedSnake\main.cpp(164,42): warning C4244: 'argument': conversion from 'int' to 'float', possible loss of data
C:\Users\TENK\Desktop\modifiedSnake\main.cpp(164,31): warning C4244: 'argument': conversion from 'int' to 'float', possible loss of data
C:\Users\TENK\Desktop\modifiedSnake\main.cpp(183,12): warning C4244: 'argument': conversion from 'time_t' to 'unsigned int', possible loss of data
C:\Users\TENK\Desktop\modifiedSnake\main.cpp(299,59): warning C4244: 'argument': conversion from 'T' to 'float', possible loss of data
          with
          [
              T=unsigned int
          ]
C:\Users\TENK\Desktop\modifiedSnake\main.cpp(305,97): warning C4244: 'argument': conversion from 'double' to 'float', possible loss of data
C:\Users\TENK\Desktop\modifiedSnake\main.cpp(305,59): warning C4244: 'argument': conversion from 'double' to 'float', possible loss of data
C:\Users\TENK\Desktop\modifiedSnake\main.cpp(310,97): warning C4244: 'argument': conversion from 'double' to 'float', possible loss of data
C:\Users\TENK\Desktop\modifiedSnake\main.cpp(310,59): warning C4244: 'argument': conversion from 'double' to 'float', possible loss of data
C:\Users\TENK\Desktop\modifiedSnake\main.cpp(315,97): warning C4244: 'argument': conversion from 'double' to 'float', possible loss of data
C:\Users\TENK\Desktop\modifiedSnake\main.cpp(315,59): warning C4244: 'argument': conversion from 'double' to 'float', possible loss of data
C:\Users\TENK\Desktop\modifiedSnake\main.cpp(325,63): warning C4244: 'argument': conversion from 'double' to 'float', possible loss of data
C:\Users\TENK\Desktop\modifiedSnake\main.cpp(332,96): warning C4244: 'argument': conversion from 'double' to 'float', possible loss of data
C:\Users\TENK\Desktop\modifiedSnake\main.cpp(332,59): warning C4244: 'argument': conversion from 'T' to 'float', possible loss of data
          with
          [
              T=unsigned int
          ]
C:\Users\TENK\Desktop\modifiedSnake\main.cpp(351,53): warning C4244: 'argument': conversion from 'T' to 'float', possible loss of data
          with
          [
              T=unsigned int
          ]
C:\Users\TENK\Desktop\modifiedSnake\main.cpp(362,91): warning C4244: 'argument': conversion from 'double' to 'float', possible loss of data
C:\Users\TENK\Desktop\modifiedSnake\main.cpp(362,53): warning C4244: 'argument': conversion from 'double' to 'float', possible loss of data
C:\Users\TENK\Desktop\modifiedSnake\main.cpp(371,91): warning C4244: 'argument': conversion from 'double' to 'float', possible loss of data
C:\Users\TENK\Desktop\modifiedSnake\main.cpp(371,53): warning C4244: 'argument': conversion from 'double' to 'float', possible loss of data
C:\Users\TENK\Desktop\modifiedSnake\main.cpp(380,91): warning C4244: 'argument': conversion from 'double' to 'float', possible loss of data
C:\Users\TENK\Desktop\modifiedSnake\main.cpp(380,53): warning C4244: 'argument': conversion from 'double' to 'float', possible loss of data
C:\Users\TENK\Desktop\modifiedSnake\main.cpp(390,57): warning C4244: 'argument': conversion from 'double' to 'float', possible loss of data
C:\Users\TENK\Desktop\modifiedSnake\main.cpp(397,90): warning C4244: 'argument': conversion from 'double' to 'float', possible loss of data
C:\Users\TENK\Desktop\modifiedSnake\main.cpp(397,53): warning C4244: 'argument': conversion from 'T' to 'float', possible loss of data
          with
          [
              T=unsigned int
          ]
C:\Users\TENK\Desktop\modifiedSnake\main.cpp(419,1): warning C4552: '+': result of expression not used
C:\Users\TENK\Desktop\modifiedSnake\main.cpp(436,53): warning C4244: 'argument': conversion from 'T' to 'float', possible loss of data
          with
          [
              T=unsigned int
          ]
C:\Users\TENK\Desktop\modifiedSnake\main.cpp(443,103): warning C4244: 'argument': conversion from 'T' to 'float', possible loss of data
          with
          [
              T=unsigned int
          ]
C:\Users\TENK\Desktop\modifiedSnake\main.cpp(443,54): warning C4244: 'argument': conversion from 'double' to 'float', possible loss of data
C:\Users\TENK\Desktop\modifiedSnake\main.cpp(469,90): warning C4244: 'argument': conversion from 'double' to 'float', possible loss of data
C:\Users\TENK\Desktop\modifiedSnake\main.cpp(469,53): warning C4244: 'argument': conversion from 'T' to 'float', possible loss of data
          with
          [
              T=unsigned int
          ]
C:\Users\TENK\Desktop\modifiedSnake\main.cpp(508,53): warning C4244: 'argument': conversion from 'T' to 'float', possible loss of data
          with
          [
              T=unsigned int
          ]
C:\Users\TENK\Desktop\modifiedSnake\main.cpp(519,91): warning C4244: 'argument': conversion from 'double' to 'float', possible loss of data
C:\Users\TENK\Desktop\modifiedSnake\main.cpp(519,53): warning C4244: 'argument': conversion from 'double' to 'float', possible loss of data
C:\Users\TENK\Desktop\modifiedSnake\main.cpp(528,91): warning C4244: 'argument': conversion from 'double' to 'float', possible loss of data
C:\Users\TENK\Desktop\modifiedSnake\main.cpp(528,53): warning C4244: 'argument': conversion from 'double' to 'float', possible loss of data
C:\Users\TENK\Desktop\modifiedSnake\main.cpp(537,91): warning C4244: 'argument': conversion from 'double' to 'float', possible loss of data
C:\Users\TENK\Desktop\modifiedSnake\main.cpp(537,53): warning C4244: 'argument': conversion from 'double' to 'float', possible loss of data
C:\Users\TENK\Desktop\modifiedSnake\main.cpp(544,90): warning C4244: 'argument': conversion from 'double' to 'float', possible loss of data
C:\Users\TENK\Desktop\modifiedSnake\main.cpp(544,53): warning C4244: 'argument': conversion from 'T' to 'float', possible loss of data
          with
          [
              T=unsigned int
          ]
  Generating code
  Previous IPDB not found, fall back to full compilation.
C:\Users\TENK\Desktop\modifiedSnake\main.cpp(48): warning C4715: 'snake::setTile': not all control paths return a value
  All 300 functions were compiled because no usable IPDB/IOBJ from previous compilation was found.
  Finished generating code
  modifiedSnake.vcxproj -> C:\Users\TENK\Desktop\modifiedSnake\Release\modifiedSnake.exe
